<?xml version="1.0" encoding="UTF-8"?>
<!-- Generated by org.testng.reporters.JUnitReportReporter -->
<testsuite hostname="CC-Girish" failures="0" tests="3" name="com.auto.tests.WebSiteTests" time="0.008" errors="0" timestamp="2022-11-22T16:26:21 EST" skipped="0">
  <testcase classname="com.auto.tests.WebSiteTests" name="test2" time="0.002"/>
  <system-out/>
  <testcase classname="com.auto.tests.WebSiteTests" name="test1" time="0.005"/>
  <system-out/>
  <testcase classname="com.auto.tests.WebSiteTests" name="test3" time="0.001"/>
  <system-out/>
</testsuite> <!-- com.auto.tests.WebSiteTests -->
